<?xml version="1.0" encoding="UTF-8"?>
<testng-results skipped="0" failed="1" total="26" passed="25">
  <reporter-output>
  </reporter-output>
  <suite name="Automation Suite" duration-ms="87517" started-at="2021-01-23T08:02:54Z" finished-at="2021-01-23T08:04:22Z">
    <groups>
      <group name="Test">
        <method signature="GoogleTest.test1()[pri:4, instance:test.GoogleTest@58c1c010]" name="test1" class="test.GoogleTest"/>
        <method signature="GoogleTest.test2()[pri:5, instance:test.GoogleTest@58c1c010]" name="test2" class="test.GoogleTest"/>
        <method signature="GoogleTest.test3()[pri:6, instance:test.GoogleTest@58c1c010]" name="test3" class="test.GoogleTest"/>
      </group> <!-- Test -->
      <group name="Title">
        <method signature="GoogleTest.googleTitleTest()[pri:1, instance:test.GoogleTest@58c1c010]" name="googleTitleTest" class="test.GoogleTest"/>
      </group> <!-- Title -->
      <group name="Link">
        <method signature="GoogleTest.mailLink()[pri:3, instance:test.GoogleTest@58c1c010]" name="mailLink" class="test.GoogleTest"/>
      </group> <!-- Link -->
      <group name="Logo">
        <method signature="GoogleTest.googleLogoTest()[pri:2, instance:test.GoogleTest@58c1c010]" name="googleLogoTest" class="test.GoogleTest"/>
      </group> <!-- Logo -->
    </groups>
    <test name="Testng Feature test" duration-ms="87517" started-at="2021-01-23T08:02:54Z" finished-at="2021-01-23T08:04:22Z">
      <class name="test.TestNgBasics">
        <test-method status="PASS" signature="setUp()[pri:0, instance:test.TestNgBasics@7bc1a03d]" name="setUp" is-config="true" duration-ms="16" started-at="2021-01-23T13:32:54Z" finished-at="2021-01-23T13:32:54Z">
          <reporter-output>
          </reporter-output>
        </test-method> <!-- setUp -->
        <test-method status="PASS" signature="launchBrowser()[pri:0, instance:test.TestNgBasics@7bc1a03d]" name="launchBrowser" is-config="true" duration-ms="0" started-at="2021-01-23T13:32:54Z" finished-at="2021-01-23T13:32:54Z">
          <reporter-output>
          </reporter-output>
        </test-method> <!-- launchBrowser -->
        <test-method status="PASS" signature="login()[pri:0, instance:test.TestNgBasics@7bc1a03d]" name="login" is-config="true" duration-ms="0" started-at="2021-01-23T13:33:18Z" finished-at="2021-01-23T13:33:18Z">
          <reporter-output>
          </reporter-output>
        </test-method> <!-- login -->
        <test-method status="PASS" signature="enterURL()[pri:0, instance:test.TestNgBasics@7bc1a03d]" name="enterURL" is-config="true" duration-ms="0" started-at="2021-01-23T13:33:18Z" finished-at="2021-01-23T13:33:18Z">
          <reporter-output>
          </reporter-output>
        </test-method> <!-- enterURL -->
        <test-method status="PASS" signature="logOut()[pri:0, instance:test.TestNgBasics@7bc1a03d]" name="logOut" is-config="true" duration-ms="0" started-at="2021-01-23T13:33:18Z" finished-at="2021-01-23T13:33:18Z">
          <reporter-output>
          </reporter-output>
        </test-method> <!-- logOut -->
        <test-method status="PASS" signature="Searchtext()[pri:0, instance:test.TestNgBasics@7bc1a03d]" name="Searchtext" duration-ms="0" started-at="2021-01-23T13:33:18Z" finished-at="2021-01-23T13:33:18Z">
          <reporter-output>
          </reporter-output>
        </test-method> <!-- Searchtext -->
        <test-method status="PASS" signature="GoogleLogo()[pri:0, instance:test.TestNgBasics@7bc1a03d]" name="GoogleLogo" duration-ms="0" started-at="2021-01-23T13:33:18Z" finished-at="2021-01-23T13:33:18Z">
          <reporter-output>
          </reporter-output>
        </test-method> <!-- GoogleLogo -->
        <test-method status="PASS" signature="enterURL()[pri:0, instance:test.TestNgBasics@7bc1a03d]" name="enterURL" is-config="true" duration-ms="0" started-at="2021-01-23T13:33:18Z" finished-at="2021-01-23T13:33:18Z">
          <reporter-output>
          </reporter-output>
        </test-method> <!-- enterURL -->
        <test-method status="PASS" signature="logOut()[pri:0, instance:test.TestNgBasics@7bc1a03d]" name="logOut" is-config="true" duration-ms="16" started-at="2021-01-23T13:33:18Z" finished-at="2021-01-23T13:33:18Z">
          <reporter-output>
          </reporter-output>
        </test-method> <!-- logOut -->
        <test-method status="PASS" signature="googleTitleTest()[pri:0, instance:test.TestNgBasics@7bc1a03d]" name="googleTitleTest" duration-ms="0" started-at="2021-01-23T13:33:18Z" finished-at="2021-01-23T13:33:18Z">
          <reporter-output>
          </reporter-output>
        </test-method> <!-- googleTitleTest -->
        <test-method status="PASS" signature="logOut()[pri:0, instance:test.TestNgBasics@7bc1a03d]" name="logOut" is-config="true" duration-ms="0" started-at="2021-01-23T13:33:18Z" finished-at="2021-01-23T13:33:18Z">
          <reporter-output>
          </reporter-output>
        </test-method> <!-- logOut -->
        <test-method status="PASS" signature="closebrowser()[pri:0, instance:test.TestNgBasics@7bc1a03d]" name="closebrowser" is-config="true" duration-ms="0" started-at="2021-01-23T13:33:18Z" finished-at="2021-01-23T13:33:18Z">
          <reporter-output>
          </reporter-output>
        </test-method> <!-- closebrowser -->
        <test-method status="PASS" signature="enterURL()[pri:0, instance:test.TestNgBasics@7bc1a03d]" name="enterURL" is-config="true" duration-ms="0" started-at="2021-01-23T13:33:18Z" finished-at="2021-01-23T13:33:18Z">
          <reporter-output>
          </reporter-output>
        </test-method> <!-- enterURL -->
        <test-method status="PASS" signature="deleteAllCookies()[pri:0, instance:test.TestNgBasics@7bc1a03d]" name="deleteAllCookies" is-config="true" duration-ms="0" started-at="2021-01-23T13:34:22Z" finished-at="2021-01-23T13:34:22Z">
          <reporter-output>
          </reporter-output>
        </test-method> <!-- deleteAllCookies -->
        <test-method status="PASS" signature="generateTestReport()[pri:0, instance:test.TestNgBasics@7bc1a03d]" name="generateTestReport" is-config="true" duration-ms="0" started-at="2021-01-23T13:34:22Z" finished-at="2021-01-23T13:34:22Z">
          <reporter-output>
          </reporter-output>
        </test-method> <!-- generateTestReport -->
      </class> <!-- test.TestNgBasics -->
      <class name="test.InvocationcountTest">
        <test-method status="PASS" signature="sum()[pri:0, instance:test.InvocationcountTest@b7f23d9]" name="sum" duration-ms="0" started-at="2021-01-23T13:34:22Z" finished-at="2021-01-23T13:34:22Z">
          <reporter-output>
          </reporter-output>
        </test-method> <!-- sum -->
        <test-method status="PASS" signature="sum()[pri:0, instance:test.InvocationcountTest@b7f23d9]" name="sum" duration-ms="0" started-at="2021-01-23T13:34:22Z" finished-at="2021-01-23T13:34:22Z">
          <reporter-output>
          </reporter-output>
        </test-method> <!-- sum -->
        <test-method status="PASS" signature="sum()[pri:0, instance:test.InvocationcountTest@b7f23d9]" name="sum" duration-ms="0" started-at="2021-01-23T13:34:22Z" finished-at="2021-01-23T13:34:22Z">
          <reporter-output>
          </reporter-output>
        </test-method> <!-- sum -->
        <test-method status="PASS" signature="sum()[pri:0, instance:test.InvocationcountTest@b7f23d9]" name="sum" duration-ms="15" started-at="2021-01-23T13:34:22Z" finished-at="2021-01-23T13:34:22Z">
          <reporter-output>
          </reporter-output>
        </test-method> <!-- sum -->
        <test-method status="PASS" signature="sum()[pri:0, instance:test.InvocationcountTest@b7f23d9]" name="sum" duration-ms="0" started-at="2021-01-23T13:34:22Z" finished-at="2021-01-23T13:34:22Z">
          <reporter-output>
          </reporter-output>
        </test-method> <!-- sum -->
        <test-method status="PASS" signature="sum()[pri:0, instance:test.InvocationcountTest@b7f23d9]" name="sum" duration-ms="0" started-at="2021-01-23T13:34:22Z" finished-at="2021-01-23T13:34:22Z">
          <reporter-output>
          </reporter-output>
        </test-method> <!-- sum -->
        <test-method status="PASS" signature="sum()[pri:0, instance:test.InvocationcountTest@b7f23d9]" name="sum" duration-ms="0" started-at="2021-01-23T13:34:22Z" finished-at="2021-01-23T13:34:22Z">
          <reporter-output>
          </reporter-output>
        </test-method> <!-- sum -->
        <test-method status="PASS" signature="sum()[pri:0, instance:test.InvocationcountTest@b7f23d9]" name="sum" duration-ms="0" started-at="2021-01-23T13:34:22Z" finished-at="2021-01-23T13:34:22Z">
          <reporter-output>
          </reporter-output>
        </test-method> <!-- sum -->
        <test-method status="PASS" signature="sum()[pri:0, instance:test.InvocationcountTest@b7f23d9]" name="sum" duration-ms="0" started-at="2021-01-23T13:34:22Z" finished-at="2021-01-23T13:34:22Z">
          <reporter-output>
          </reporter-output>
        </test-method> <!-- sum -->
        <test-method status="PASS" signature="sum()[pri:0, instance:test.InvocationcountTest@b7f23d9]" name="sum" duration-ms="0" started-at="2021-01-23T13:34:22Z" finished-at="2021-01-23T13:34:22Z">
          <reporter-output>
          </reporter-output>
        </test-method> <!-- sum -->
      </class> <!-- test.InvocationcountTest -->
      <class name="test.GoogleTest">
        <test-method status="PASS" signature="setUp()[pri:0, instance:test.GoogleTest@58c1c010]" name="setUp" is-config="true" duration-ms="10105" started-at="2021-01-23T13:33:18Z" finished-at="2021-01-23T13:33:28Z">
          <reporter-output>
          </reporter-output>
        </test-method> <!-- setUp -->
        <test-method status="PASS" signature="googleTitleTest()[pri:1, instance:test.GoogleTest@58c1c010]" name="googleTitleTest" duration-ms="24" started-at="2021-01-23T13:33:28Z" finished-at="2021-01-23T13:33:28Z">
          <reporter-output>
          </reporter-output>
        </test-method> <!-- googleTitleTest -->
        <test-method status="PASS" signature="tearDown()[pri:0, instance:test.GoogleTest@58c1c010]" name="tearDown" is-config="true" duration-ms="179" started-at="2021-01-23T13:33:28Z" finished-at="2021-01-23T13:33:28Z">
          <reporter-output>
          </reporter-output>
        </test-method> <!-- tearDown -->
        <test-method status="PASS" signature="setUp()[pri:0, instance:test.GoogleTest@58c1c010]" name="setUp" is-config="true" duration-ms="9836" started-at="2021-01-23T13:33:28Z" finished-at="2021-01-23T13:33:38Z">
          <reporter-output>
          </reporter-output>
        </test-method> <!-- setUp -->
        <test-method status="PASS" signature="googleLogoTest()[pri:2, instance:test.GoogleTest@58c1c010]" name="googleLogoTest" duration-ms="87" started-at="2021-01-23T13:33:38Z" finished-at="2021-01-23T13:33:38Z">
          <reporter-output>
          </reporter-output>
        </test-method> <!-- googleLogoTest -->
        <test-method status="PASS" signature="tearDown()[pri:0, instance:test.GoogleTest@58c1c010]" name="tearDown" is-config="true" duration-ms="330" started-at="2021-01-23T13:33:38Z" finished-at="2021-01-23T13:33:38Z">
          <reporter-output>
          </reporter-output>
        </test-method> <!-- tearDown -->
        <test-method status="PASS" signature="setUp()[pri:0, instance:test.GoogleTest@58c1c010]" name="setUp" is-config="true" duration-ms="11717" started-at="2021-01-23T13:33:38Z" finished-at="2021-01-23T13:33:50Z">
          <reporter-output>
          </reporter-output>
        </test-method> <!-- setUp -->
        <test-method status="PASS" signature="mailLink()[pri:3, instance:test.GoogleTest@58c1c010]" name="mailLink" duration-ms="88" started-at="2021-01-23T13:33:50Z" finished-at="2021-01-23T13:33:50Z">
          <reporter-output>
          </reporter-output>
        </test-method> <!-- mailLink -->
        <test-method status="PASS" signature="tearDown()[pri:0, instance:test.GoogleTest@58c1c010]" name="tearDown" is-config="true" duration-ms="104" started-at="2021-01-23T13:33:50Z" finished-at="2021-01-23T13:33:50Z">
          <reporter-output>
          </reporter-output>
        </test-method> <!-- tearDown -->
        <test-method status="PASS" signature="setUp()[pri:0, instance:test.GoogleTest@58c1c010]" name="setUp" is-config="true" duration-ms="9306" started-at="2021-01-23T13:33:50Z" finished-at="2021-01-23T13:33:59Z">
          <reporter-output>
          </reporter-output>
        </test-method> <!-- setUp -->
        <test-method status="PASS" signature="test1()[pri:4, instance:test.GoogleTest@58c1c010]" name="test1" duration-ms="0" started-at="2021-01-23T13:33:59Z" finished-at="2021-01-23T13:33:59Z">
          <reporter-output>
          </reporter-output>
        </test-method> <!-- test1 -->
        <test-method status="PASS" signature="tearDown()[pri:0, instance:test.GoogleTest@58c1c010]" name="tearDown" is-config="true" duration-ms="113" started-at="2021-01-23T13:33:59Z" finished-at="2021-01-23T13:34:00Z">
          <reporter-output>
          </reporter-output>
        </test-method> <!-- tearDown -->
        <test-method status="PASS" signature="setUp()[pri:0, instance:test.GoogleTest@58c1c010]" name="setUp" is-config="true" duration-ms="10415" started-at="2021-01-23T13:34:00Z" finished-at="2021-01-23T13:34:10Z">
          <reporter-output>
          </reporter-output>
        </test-method> <!-- setUp -->
        <test-method status="PASS" signature="test2()[pri:5, instance:test.GoogleTest@58c1c010]" name="test2" duration-ms="8" started-at="2021-01-23T13:34:10Z" finished-at="2021-01-23T13:34:10Z">
          <reporter-output>
          </reporter-output>
        </test-method> <!-- test2 -->
        <test-method status="PASS" signature="tearDown()[pri:0, instance:test.GoogleTest@58c1c010]" name="tearDown" is-config="true" duration-ms="137" started-at="2021-01-23T13:34:10Z" finished-at="2021-01-23T13:34:10Z">
          <reporter-output>
          </reporter-output>
        </test-method> <!-- tearDown -->
        <test-method status="PASS" signature="setUp()[pri:0, instance:test.GoogleTest@58c1c010]" name="setUp" is-config="true" duration-ms="11409" started-at="2021-01-23T13:34:10Z" finished-at="2021-01-23T13:34:22Z">
          <reporter-output>
          </reporter-output>
        </test-method> <!-- setUp -->
        <test-method status="PASS" signature="test3()[pri:6, instance:test.GoogleTest@58c1c010]" name="test3" duration-ms="0" started-at="2021-01-23T13:34:22Z" finished-at="2021-01-23T13:34:22Z">
          <reporter-output>
          </reporter-output>
        </test-method> <!-- test3 -->
        <test-method status="PASS" signature="tearDown()[pri:0, instance:test.GoogleTest@58c1c010]" name="tearDown" is-config="true" duration-ms="118" started-at="2021-01-23T13:34:22Z" finished-at="2021-01-23T13:34:22Z">
          <reporter-output>
          </reporter-output>
        </test-method> <!-- tearDown -->
      </class> <!-- test.GoogleTest -->
      <class name="test.GoogleTitleTest1">
        <test-method status="PASS" signature="setUp()[pri:0, instance:test.GoogleTitleTest1@ba8d91c]" name="setUp" is-config="true" duration-ms="11533" started-at="2021-01-23T13:32:54Z" finished-at="2021-01-23T13:33:06Z">
          <reporter-output>
          </reporter-output>
        </test-method> <!-- setUp -->
        <test-method status="PASS" signature="googleLogoTest()[pri:0, instance:test.GoogleTitleTest1@ba8d91c]" name="googleLogoTest" duration-ms="97" started-at="2021-01-23T13:33:06Z" finished-at="2021-01-23T13:33:06Z">
          <reporter-output>
          </reporter-output>
        </test-method> <!-- googleLogoTest -->
        <test-method status="PASS" signature="tearDown()[pri:0, instance:test.GoogleTitleTest1@ba8d91c]" name="tearDown" is-config="true" duration-ms="186" started-at="2021-01-23T13:33:06Z" finished-at="2021-01-23T13:33:06Z">
          <reporter-output>
          </reporter-output>
        </test-method> <!-- tearDown -->
        <test-method status="PASS" signature="setUp()[pri:0, instance:test.GoogleTitleTest1@ba8d91c]" name="setUp" is-config="true" duration-ms="11404" started-at="2021-01-23T13:33:06Z" finished-at="2021-01-23T13:33:17Z">
          <reporter-output>
          </reporter-output>
        </test-method> <!-- setUp -->
        <test-method status="FAIL" signature="googleTitleTest()[pri:0, instance:test.GoogleTitleTest1@ba8d91c]" name="googleTitleTest" duration-ms="22" started-at="2021-01-23T13:33:17Z" finished-at="2021-01-23T13:33:17Z">
          <exception class="java.lang.AssertionError">
            <message>
              <![CDATA[title is not matched expected [Google123] but found [Google]]]>
            </message>
            <full-stacktrace>
              <![CDATA[java.lang.AssertionError: title is not matched expected [Google123] but found [Google]
	at org.testng.Assert.fail(Assert.java:94)
	at org.testng.Assert.failNotEquals(Assert.java:513)
	at org.testng.Assert.assertEqualsImpl(Assert.java:135)
	at org.testng.Assert.assertEquals(Assert.java:116)
	at org.testng.Assert.assertEquals(Assert.java:190)
	at test.GoogleTitleTest1.googleTitleTest(GoogleTitleTest1.java:35)
	at sun.reflect.NativeMethodAccessorImpl.invoke0(Native Method)
	at sun.reflect.NativeMethodAccessorImpl.invoke(NativeMethodAccessorImpl.java:62)
	at sun.reflect.DelegatingMethodAccessorImpl.invoke(DelegatingMethodAccessorImpl.java:43)
	at java.lang.reflect.Method.invoke(Method.java:498)
	at org.testng.internal.MethodInvocationHelper.invokeMethod(MethodInvocationHelper.java:86)
	at org.testng.internal.Invoker.invokeMethod(Invoker.java:645)
	at org.testng.internal.Invoker.invokeTestMethod(Invoker.java:822)
	at org.testng.internal.Invoker.invokeTestMethods(Invoker.java:1130)
	at org.testng.internal.TestMethodWorker.invokeTestMethods(TestMethodWorker.java:129)
	at org.testng.internal.TestMethodWorker.run(TestMethodWorker.java:112)
	at org.testng.TestRunner.privateRun(TestRunner.java:782)
	at org.testng.TestRunner.run(TestRunner.java:632)
	at org.testng.SuiteRunner.runTest(SuiteRunner.java:366)
	at org.testng.SuiteRunner.runSequentially(SuiteRunner.java:361)
	at org.testng.SuiteRunner.privateRun(SuiteRunner.java:319)
	at org.testng.SuiteRunner.run(SuiteRunner.java:268)
	at org.testng.SuiteRunnerWorker.runSuite(SuiteRunnerWorker.java:52)
	at org.testng.SuiteRunnerWorker.run(SuiteRunnerWorker.java:86)
	at org.testng.TestNG.runSuitesSequentially(TestNG.java:1244)
	at org.testng.TestNG.runSuitesLocally(TestNG.java:1169)
	at org.testng.TestNG.run(TestNG.java:1064)
	at org.testng.remote.RemoteTestNG.run(RemoteTestNG.java:113)
	at org.testng.remote.RemoteTestNG.initAndRun(RemoteTestNG.java:206)
	at org.testng.remote.RemoteTestNG.main(RemoteTestNG.java:177)
]]>
            </full-stacktrace>
          </exception> <!-- java.lang.AssertionError -->
          <reporter-output>
          </reporter-output>
        </test-method> <!-- googleTitleTest -->
        <test-method status="PASS" signature="tearDown()[pri:0, instance:test.GoogleTitleTest1@ba8d91c]" name="tearDown" is-config="true" duration-ms="144" started-at="2021-01-23T13:33:17Z" finished-at="2021-01-23T13:33:18Z">
          <reporter-output>
          </reporter-output>
        </test-method> <!-- tearDown -->
      </class> <!-- test.GoogleTitleTest1 -->
      <class name="test.TestNgFeatures">
        <test-method status="PASS" signature="login()[pri:0, instance:test.TestNgFeatures@7364985f]" name="login" duration-ms="0" started-at="2021-01-23T13:33:18Z" finished-at="2021-01-23T13:33:18Z">
          <reporter-output>
          </reporter-output>
        </test-method> <!-- login -->
        <test-method status="PASS" signature="HomePage()[pri:0, instance:test.TestNgFeatures@7364985f]" name="HomePage" duration-ms="0" started-at="2021-01-23T13:33:18Z" depends-on-methods="test.TestNgFeatures.login" finished-at="2021-01-23T13:33:18Z">
          <reporter-output>
          </reporter-output>
        </test-method> <!-- HomePage -->
        <test-method status="PASS" signature="RegPage()[pri:0, instance:test.TestNgFeatures@7364985f]" name="RegPage" duration-ms="0" started-at="2021-01-23T13:33:18Z" depends-on-methods="test.TestNgFeatures.login" finished-at="2021-01-23T13:33:18Z">
          <reporter-output>
          </reporter-output>
        </test-method> <!-- RegPage -->
        <test-method status="PASS" signature="SearchPage()[pri:0, instance:test.TestNgFeatures@7364985f]" name="SearchPage" duration-ms="0" started-at="2021-01-23T13:33:18Z" depends-on-methods="test.TestNgFeatures.login" finished-at="2021-01-23T13:33:18Z">
          <reporter-output>
          </reporter-output>
        </test-method> <!-- SearchPage -->
      </class> <!-- test.TestNgFeatures -->
      <class name="test.ExceptionTimeoutTest">
        <test-method status="PASS" signature="test()[pri:0, instance:test.ExceptionTimeoutTest@70b0b186]" name="test" duration-ms="8" started-at="2021-01-23T13:32:54Z" finished-at="2021-01-23T13:32:54Z">
          <exception class="java.lang.NumberFormatException">
            <message>
              <![CDATA[For input string: "100A"]]>
            </message>
            <full-stacktrace>
              <![CDATA[java.lang.NumberFormatException: For input string: "100A"
	at java.lang.NumberFormatException.forInputString(NumberFormatException.java:65)
	at java.lang.Integer.parseInt(Integer.java:580)
	at java.lang.Integer.parseInt(Integer.java:615)
	at test.ExceptionTimeoutTest.test(ExceptionTimeoutTest.java:20)
	at sun.reflect.NativeMethodAccessorImpl.invoke0(Native Method)
	at sun.reflect.NativeMethodAccessorImpl.invoke(NativeMethodAccessorImpl.java:62)
	at sun.reflect.DelegatingMethodAccessorImpl.invoke(DelegatingMethodAccessorImpl.java:43)
	at java.lang.reflect.Method.invoke(Method.java:498)
	at org.testng.internal.MethodInvocationHelper.invokeMethod(MethodInvocationHelper.java:86)
	at org.testng.internal.Invoker.invokeMethod(Invoker.java:645)
	at org.testng.internal.Invoker.invokeTestMethod(Invoker.java:822)
	at org.testng.internal.Invoker.invokeTestMethods(Invoker.java:1130)
	at org.testng.internal.TestMethodWorker.invokeTestMethods(TestMethodWorker.java:129)
	at org.testng.internal.TestMethodWorker.run(TestMethodWorker.java:112)
	at org.testng.TestRunner.privateRun(TestRunner.java:782)
	at org.testng.TestRunner.run(TestRunner.java:632)
	at org.testng.SuiteRunner.runTest(SuiteRunner.java:366)
	at org.testng.SuiteRunner.runSequentially(SuiteRunner.java:361)
	at org.testng.SuiteRunner.privateRun(SuiteRunner.java:319)
	at org.testng.SuiteRunner.run(SuiteRunner.java:268)
	at org.testng.SuiteRunnerWorker.runSuite(SuiteRunnerWorker.java:52)
	at org.testng.SuiteRunnerWorker.run(SuiteRunnerWorker.java:86)
	at org.testng.TestNG.runSuitesSequentially(TestNG.java:1244)
	at org.testng.TestNG.runSuitesLocally(TestNG.java:1169)
	at org.testng.TestNG.run(TestNG.java:1064)
	at org.testng.remote.RemoteTestNG.run(RemoteTestNG.java:113)
	at org.testng.remote.RemoteTestNG.initAndRun(RemoteTestNG.java:206)
	at org.testng.remote.RemoteTestNG.main(RemoteTestNG.java:177)
]]>
            </full-stacktrace>
          </exception> <!-- java.lang.NumberFormatException -->
          <reporter-output>
          </reporter-output>
        </test-method> <!-- test -->
      </class> <!-- test.ExceptionTimeoutTest -->
    </test> <!-- Testng Feature test -->
  </suite> <!-- Automation Suite -->
</testng-results>
