<?xml version="1.0" encoding="UTF-8"?>
<!-- Generated by org.testng.reporters.JUnitXMLReporter -->
<testsuite hostname="LAPTOP-P7F9PELU" name="Testng Feature test" tests="26" failures="1" timestamp="23 Jan 2021 08:04:22 GMT" time="87.517" errors="0">
  <testcase name="test" time="0.008" classname="test.ExceptionTimeoutTest"/>
  <testcase name="googleLogoTest" time="0.097" classname="test.GoogleTitleTest1"/>
  <testcase name="googleTitleTest" time="0.022" classname="test.GoogleTitleTest1">
    <failure type="java.lang.AssertionError" message="title is not matched expected [Google123] but found [Google]">
      <![CDATA[java.lang.AssertionError: title is not matched expected [Google123] but found [Google]
	at test.GoogleTitleTest1.googleTitleTest(GoogleTitleTest1.java:35)
... Removed 29 stack frames]]>
    </failure>
  </testcase> <!-- googleTitleTest -->
  <testcase name="login" time="0.0" classname="test.TestNgFeatures"/>
  <testcase name="HomePage" time="0.0" classname="test.TestNgFeatures"/>
  <testcase name="RegPage" time="0.0" classname="test.TestNgFeatures"/>
  <testcase name="SearchPage" time="0.0" classname="test.TestNgFeatures"/>
  <testcase name="GoogleLogo" time="0.0" classname="test.TestNgBasics"/>
  <testcase name="Searchtext" time="0.0" classname="test.TestNgBasics"/>
  <testcase name="googleTitleTest" time="0.0" classname="test.TestNgBasics"/>
  <testcase name="googleTitleTest" time="0.024" classname="test.GoogleTest"/>
  <testcase name="googleLogoTest" time="0.087" classname="test.GoogleTest"/>
  <testcase name="mailLink" time="0.088" classname="test.GoogleTest"/>
  <testcase name="test1" time="0.0" classname="test.GoogleTest"/>
  <testcase name="test2" time="0.008" classname="test.GoogleTest"/>
  <testcase name="test3" time="0.0" classname="test.GoogleTest"/>
  <testcase name="sum" time="0.0" classname="test.InvocationcountTest"/>
  <testcase name="sum" time="0.0" classname="test.InvocationcountTest"/>
  <testcase name="sum" time="0.0" classname="test.InvocationcountTest"/>
  <testcase name="sum" time="0.0" classname="test.InvocationcountTest"/>
  <testcase name="sum" time="0.0" classname="test.InvocationcountTest"/>
  <testcase name="sum" time="0.015" classname="test.InvocationcountTest"/>
  <testcase name="sum" time="0.0" classname="test.InvocationcountTest"/>
  <testcase name="sum" time="0.0" classname="test.InvocationcountTest"/>
  <testcase name="sum" time="0.0" classname="test.InvocationcountTest"/>
  <testcase name="sum" time="0.0" classname="test.InvocationcountTest"/>
</testsuite> <!-- Testng Feature test -->
