<html>
<head>
<title>TestNG:  Testng Feature test</title>
<link href="../testng.css" rel="stylesheet" type="text/css" />
<link href="../my-testng.css" rel="stylesheet" type="text/css" />

<style type="text/css">
.log { display: none;} 
.stack-trace { display: none;} 
</style>
<script type="text/javascript">
<!--
function flip(e) {
  current = e.style.display;
  if (current == 'block') {
    e.style.display = 'none';
    return 0;
  }
  else {
    e.style.display = 'block';
    return 1;
  }
}

function toggleBox(szDivId, elem, msg1, msg2)
{
  var res = -1;  if (document.getElementById) {
    res = flip(document.getElementById(szDivId));
  }
  else if (document.all) {
    // this is the way old msie versions work
    res = flip(document.all[szDivId]);
  }
  if(elem) {
    if(res == 0) elem.innerHTML = msg1; else elem.innerHTML = msg2;
  }

}

function toggleAllBoxes() {
  if (document.getElementsByTagName) {
    d = document.getElementsByTagName('div');
    for (i = 0; i < d.length; i++) {
      if (d[i].className == 'log') {
        flip(d[i]);
      }
    }
  }
}

// -->
</script>

</head>
<body>
<h2 align='center'>Testng Feature test</h2><table border='1' align="center">
<tr>
<td>Tests passed/Failed/Skipped:</td><td>25/1/0</td>
</tr><tr>
<td>Started on:</td><td>Sat Jan 23 13:32:54 IST 2021</td>
</tr>
<tr><td>Total time:</td><td>87 seconds (87517 ms)</td>
</tr><tr>
<td>Included groups:</td><td></td>
</tr><tr>
<td>Excluded groups:</td><td></td>
</tr>
</table><p/>
<small><i>(Hover the method name to see the test class name)</i></small><p/>
<table width='100%' border='1' class='invocation-failed'>
<tr><td colspan='4' align='center'><b>FAILED TESTS</b></td></tr>
<tr><td><b>Test method</b></td>
<td width="30%"><b>Exception</b></td>
<td width="10%"><b>Time (seconds)</b></td>
<td><b>Instance</b></td>
</tr>
<tr>
<td title='test.GoogleTitleTest1.googleTitleTest()'><b>googleTitleTest</b><br>Test class: test.GoogleTitleTest1</td>
<td><div><pre>java.lang.AssertionError: title is not matched expected [Google123] but found [Google]
	at test.GoogleTitleTest1.googleTitleTest(GoogleTitleTest1.java:35)
... Removed 29 stack frames</pre></div><a href='#' onClick='toggleBox("stack-trace739737502", this, "Click to show all stack frames", "Click to hide stack frames")'>Click to show all stack frames</a>
<div class='stack-trace' id='stack-trace739737502'><pre>java.lang.AssertionError: title is not matched expected [Google123] but found [Google]
	at org.testng.Assert.fail(Assert.java:94)
	at org.testng.Assert.failNotEquals(Assert.java:513)
	at org.testng.Assert.assertEqualsImpl(Assert.java:135)
	at org.testng.Assert.assertEquals(Assert.java:116)
	at org.testng.Assert.assertEquals(Assert.java:190)
	at test.GoogleTitleTest1.googleTitleTest(GoogleTitleTest1.java:35)
	at sun.reflect.NativeMethodAccessorImpl.invoke0(Native Method)
	at sun.reflect.NativeMethodAccessorImpl.invoke(NativeMethodAccessorImpl.java:62)
	at sun.reflect.DelegatingMethodAccessorImpl.invoke(DelegatingMethodAccessorImpl.java:43)
	at java.lang.reflect.Method.invoke(Method.java:498)
	at org.testng.internal.MethodInvocationHelper.invokeMethod(MethodInvocationHelper.java:86)
	at org.testng.internal.Invoker.invokeMethod(Invoker.java:645)
	at org.testng.internal.Invoker.invokeTestMethod(Invoker.java:822)
	at org.testng.internal.Invoker.invokeTestMethods(Invoker.java:1130)
	at org.testng.internal.TestMethodWorker.invokeTestMethods(TestMethodWorker.java:129)
	at org.testng.internal.TestMethodWorker.run(TestMethodWorker.java:112)
	at org.testng.TestRunner.privateRun(TestRunner.java:782)
	at org.testng.TestRunner.run(TestRunner.java:632)
	at org.testng.SuiteRunner.runTest(SuiteRunner.java:366)
	at org.testng.SuiteRunner.runSequentially(SuiteRunner.java:361)
	at org.testng.SuiteRunner.privateRun(SuiteRunner.java:319)
	at org.testng.SuiteRunner.run(SuiteRunner.java:268)
	at org.testng.SuiteRunnerWorker.runSuite(SuiteRunnerWorker.java:52)
	at org.testng.SuiteRunnerWorker.run(SuiteRunnerWorker.java:86)
	at org.testng.TestNG.runSuitesSequentially(TestNG.java:1244)
	at org.testng.TestNG.runSuitesLocally(TestNG.java:1169)
	at org.testng.TestNG.run(TestNG.java:1064)
	at org.testng.remote.RemoteTestNG.run(RemoteTestNG.java:113)
	at org.testng.remote.RemoteTestNG.initAndRun(RemoteTestNG.java:206)
	at org.testng.remote.RemoteTestNG.main(RemoteTestNG.java:177)
</pre></div></td>
<td>0</td>
<td>test.GoogleTitleTest1@ba8d91c</td></tr>
</table><p>
<table width='100%' border='1' class='invocation-passed'>
<tr><td colspan='4' align='center'><b>PASSED TESTS</b></td></tr>
<tr><td><b>Test method</b></td>
<td width="30%"><b>Exception</b></td>
<td width="10%"><b>Time (seconds)</b></td>
<td><b>Instance</b></td>
</tr>
<tr>
<td title='test.TestNgBasics.GoogleLogo()'><b>GoogleLogo</b><br>Test class: test.TestNgBasics</td>
<td></td>
<td>0</td>
<td>test.TestNgBasics@7bc1a03d</td></tr>
<tr>
<td title='test.TestNgFeatures.HomePage()'><b>HomePage</b><br>Test class: test.TestNgFeatures</td>
<td></td>
<td>0</td>
<td>test.TestNgFeatures@7364985f</td></tr>
<tr>
<td title='test.TestNgFeatures.RegPage()'><b>RegPage</b><br>Test class: test.TestNgFeatures</td>
<td></td>
<td>0</td>
<td>test.TestNgFeatures@7364985f</td></tr>
<tr>
<td title='test.TestNgFeatures.SearchPage()'><b>SearchPage</b><br>Test class: test.TestNgFeatures</td>
<td></td>
<td>0</td>
<td>test.TestNgFeatures@7364985f</td></tr>
<tr>
<td title='test.TestNgBasics.Searchtext()'><b>Searchtext</b><br>Test class: test.TestNgBasics</td>
<td></td>
<td>0</td>
<td>test.TestNgBasics@7bc1a03d</td></tr>
<tr>
<td title='test.GoogleTitleTest1.googleLogoTest()'><b>googleLogoTest</b><br>Test class: test.GoogleTitleTest1</td>
<td></td>
<td>0</td>
<td>test.GoogleTitleTest1@ba8d91c</td></tr>
<tr>
<td title='test.GoogleTest.googleLogoTest()'><b>googleLogoTest</b><br>Test class: test.GoogleTest</td>
<td></td>
<td>0</td>
<td>test.GoogleTest@58c1c010</td></tr>
<tr>
<td title='test.TestNgBasics.googleTitleTest()'><b>googleTitleTest</b><br>Test class: test.TestNgBasics</td>
<td></td>
<td>0</td>
<td>test.TestNgBasics@7bc1a03d</td></tr>
<tr>
<td title='test.GoogleTest.googleTitleTest()'><b>googleTitleTest</b><br>Test class: test.GoogleTest</td>
<td></td>
<td>0</td>
<td>test.GoogleTest@58c1c010</td></tr>
<tr>
<td title='test.TestNgFeatures.login()'><b>login</b><br>Test class: test.TestNgFeatures</td>
<td></td>
<td>0</td>
<td>test.TestNgFeatures@7364985f</td></tr>
<tr>
<td title='test.GoogleTest.mailLink()'><b>mailLink</b><br>Test class: test.GoogleTest</td>
<td></td>
<td>0</td>
<td>test.GoogleTest@58c1c010</td></tr>
<tr>
<td title='test.InvocationcountTest.sum()'><b>sum</b><br>Test class: test.InvocationcountTest</td>
<td></td>
<td>0</td>
<td>test.InvocationcountTest@b7f23d9</td></tr>
<tr>
<td title='test.InvocationcountTest.sum()'><b>sum</b><br>Test class: test.InvocationcountTest</td>
<td></td>
<td>0</td>
<td>test.InvocationcountTest@b7f23d9</td></tr>
<tr>
<td title='test.InvocationcountTest.sum()'><b>sum</b><br>Test class: test.InvocationcountTest</td>
<td></td>
<td>0</td>
<td>test.InvocationcountTest@b7f23d9</td></tr>
<tr>
<td title='test.InvocationcountTest.sum()'><b>sum</b><br>Test class: test.InvocationcountTest</td>
<td></td>
<td>0</td>
<td>test.InvocationcountTest@b7f23d9</td></tr>
<tr>
<td title='test.InvocationcountTest.sum()'><b>sum</b><br>Test class: test.InvocationcountTest</td>
<td></td>
<td>0</td>
<td>test.InvocationcountTest@b7f23d9</td></tr>
<tr>
<td title='test.InvocationcountTest.sum()'><b>sum</b><br>Test class: test.InvocationcountTest</td>
<td></td>
<td>0</td>
<td>test.InvocationcountTest@b7f23d9</td></tr>
<tr>
<td title='test.InvocationcountTest.sum()'><b>sum</b><br>Test class: test.InvocationcountTest</td>
<td></td>
<td>0</td>
<td>test.InvocationcountTest@b7f23d9</td></tr>
<tr>
<td title='test.InvocationcountTest.sum()'><b>sum</b><br>Test class: test.InvocationcountTest</td>
<td></td>
<td>0</td>
<td>test.InvocationcountTest@b7f23d9</td></tr>
<tr>
<td title='test.InvocationcountTest.sum()'><b>sum</b><br>Test class: test.InvocationcountTest</td>
<td></td>
<td>0</td>
<td>test.InvocationcountTest@b7f23d9</td></tr>
<tr>
<td title='test.InvocationcountTest.sum()'><b>sum</b><br>Test class: test.InvocationcountTest</td>
<td></td>
<td>0</td>
<td>test.InvocationcountTest@b7f23d9</td></tr>
<tr>
<td title='test.ExceptionTimeoutTest.test()'><b>test</b><br>Test class: test.ExceptionTimeoutTest</td>
<td><div><pre>java.lang.NumberFormatException: For input string: &quot;100A&quot;
	at java.lang.NumberFormatException.forInputString(NumberFormatException.java:65)
	at java.lang.Integer.parseInt(Integer.java:580)
	at java.lang.Integer.parseInt(Integer.java:615)
	at test.ExceptionTimeoutTest.test(ExceptionTimeoutTest.java:20)
... Removed 24 stack frames</pre></div><a href='#' onClick='toggleBox("stack-trace2041416495", this, "Click to show all stack frames", "Click to hide stack frames")'>Click to show all stack frames</a>
<div class='stack-trace' id='stack-trace2041416495'><pre>java.lang.NumberFormatException: For input string: &quot;100A&quot;
	at java.lang.NumberFormatException.forInputString(NumberFormatException.java:65)
	at java.lang.Integer.parseInt(Integer.java:580)
	at java.lang.Integer.parseInt(Integer.java:615)
	at test.ExceptionTimeoutTest.test(ExceptionTimeoutTest.java:20)
	at sun.reflect.NativeMethodAccessorImpl.invoke0(Native Method)
	at sun.reflect.NativeMethodAccessorImpl.invoke(NativeMethodAccessorImpl.java:62)
	at sun.reflect.DelegatingMethodAccessorImpl.invoke(DelegatingMethodAccessorImpl.java:43)
	at java.lang.reflect.Method.invoke(Method.java:498)
	at org.testng.internal.MethodInvocationHelper.invokeMethod(MethodInvocationHelper.java:86)
	at org.testng.internal.Invoker.invokeMethod(Invoker.java:645)
	at org.testng.internal.Invoker.invokeTestMethod(Invoker.java:822)
	at org.testng.internal.Invoker.invokeTestMethods(Invoker.java:1130)
	at org.testng.internal.TestMethodWorker.invokeTestMethods(TestMethodWorker.java:129)
	at org.testng.internal.TestMethodWorker.run(TestMethodWorker.java:112)
	at org.testng.TestRunner.privateRun(TestRunner.java:782)
	at org.testng.TestRunner.run(TestRunner.java:632)
	at org.testng.SuiteRunner.runTest(SuiteRunner.java:366)
	at org.testng.SuiteRunner.runSequentially(SuiteRunner.java:361)
	at org.testng.SuiteRunner.privateRun(SuiteRunner.java:319)
	at org.testng.SuiteRunner.run(SuiteRunner.java:268)
	at org.testng.SuiteRunnerWorker.runSuite(SuiteRunnerWorker.java:52)
	at org.testng.SuiteRunnerWorker.run(SuiteRunnerWorker.java:86)
	at org.testng.TestNG.runSuitesSequentially(TestNG.java:1244)
	at org.testng.TestNG.runSuitesLocally(TestNG.java:1169)
	at org.testng.TestNG.run(TestNG.java:1064)
	at org.testng.remote.RemoteTestNG.run(RemoteTestNG.java:113)
	at org.testng.remote.RemoteTestNG.initAndRun(RemoteTestNG.java:206)
	at org.testng.remote.RemoteTestNG.main(RemoteTestNG.java:177)
</pre></div></td>
<td>0</td>
<td>test.ExceptionTimeoutTest@70b0b186</td></tr>
<tr>
<td title='test.GoogleTest.test1()'><b>test1</b><br>Test class: test.GoogleTest</td>
<td></td>
<td>0</td>
<td>test.GoogleTest@58c1c010</td></tr>
<tr>
<td title='test.GoogleTest.test2()'><b>test2</b><br>Test class: test.GoogleTest</td>
<td></td>
<td>0</td>
<td>test.GoogleTest@58c1c010</td></tr>
<tr>
<td title='test.GoogleTest.test3()'><b>test3</b><br>Test class: test.GoogleTest</td>
<td></td>
<td>0</td>
<td>test.GoogleTest@58c1c010</td></tr>
</table><p>
</body>
</html>